<?xml version="1.0" encoding="UTF-8"?>
<testng-results ignored="0" total="1" passed="1" failed="0" skipped="0">
  <reporter-output>
  </reporter-output>
  <suite started-at="2022-06-19T17:41:37 IST" name="Suite" finished-at="2022-06-19T17:42:23 IST" duration-ms="45848">
    <groups>
    </groups>
    <test started-at="2022-06-19T17:41:37 IST" name="Test" finished-at="2022-06-19T17:42:23 IST" duration-ms="45848">
      <class name="in.qa.testcases.AmazonProductTC">
        <test-method is-config="true" signature="intilization()[pri:0, instance:in.qa.testcases.AmazonProductTC@74fe5c40]" started-at="2022-06-19T17:41:37 IST" name="intilization" finished-at="2022-06-19T17:41:51 IST" duration-ms="14291" status="PASS">
          <reporter-output>
          </reporter-output>
        </test-method> <!-- intilization -->
        <test-method is-config="true" signature="beforeMethod()[pri:0, instance:in.qa.testcases.AmazonProductTC@74fe5c40]" started-at="2022-06-19T17:41:51 IST" name="beforeMethod" finished-at="2022-06-19T17:41:52 IST" duration-ms="469" status="PASS">
          <reporter-output>
          </reporter-output>
        </test-method> <!-- beforeMethod -->
        <test-method signature="searchProdcut()[pri:0, instance:in.qa.testcases.AmazonProductTC@74fe5c40]" started-at="2022-06-19T17:41:52 IST" name="searchProdcut" finished-at="2022-06-19T17:42:22 IST" duration-ms="30405" status="PASS">
          <reporter-output>
          </reporter-output>
        </test-method> <!-- searchProdcut -->
        <test-method is-config="true" signature="quit()[pri:0, instance:in.qa.testcases.AmazonProductTC@74fe5c40]" started-at="2022-06-19T17:42:22 IST" name="quit" finished-at="2022-06-19T17:42:23 IST" duration-ms="572" status="PASS">
          <reporter-output>
          </reporter-output>
        </test-method> <!-- quit -->
      </class> <!-- in.qa.testcases.AmazonProductTC -->
    </test> <!-- Test -->
  </suite> <!-- Suite -->
</testng-results>
